2019-02-12 14:32:58 DEBUG devpinoyLogger:131 - log4j.properties file loaded Successfully.
2019-02-12 14:32:58 DEBUG devpinoyLogger:144 - config.properties file loaded Successfully.
2019-02-12 14:32:58 DEBUG devpinoyLogger:224 - Extent Report Instance created 
2019-02-12 14:33:03 DEBUG devpinoyLogger:269 - Chrome browser launched successfully
2019-02-12 14:33:04 DEBUG devpinoyLogger:336 - Browser window maximized
2019-02-12 14:33:04 DEBUG devpinoyLogger:339 - Cookies deleted from browser
2019-02-12 14:33:05 DEBUG devpinoyLogger:1260 - New workbook created
2019-02-12 14:33:05 INFO  devpinoyLogger:244 - 
2019-02-12 14:33:05 INFO  devpinoyLogger:245 - 
2019-02-12 14:33:05 INFO  devpinoyLogger:246 - *****************************************************************
2019-02-12 14:33:05 INFO  devpinoyLogger:247 - Test started is : TC-48673 Open POs detail screen and click on back button
2019-02-12 14:33:05 INFO  devpinoyLogger:248 - Test description : Goto PO detail screen and click on back button 
2019-02-12 14:33:05 INFO  devpinoyLogger:249 - *****************************************************************
2019-02-12 14:33:05 ERROR devpinoyLogger:193 - Error while reading excel file
2019-02-12 14:33:11 DEBUG devpinoyLogger:348 - Navigated to : https://pomasschangecontrollerdev.azurewebsites.net/ successfully 
2019-02-12 14:33:11 ERROR devpinoyLogger:1212 - ERROR :  Test Case Failed is : OpenRecordAndGotoPOsDetailScreen
2019-02-12 14:33:11 ERROR devpinoyLogger:1213 - ERROR :  Test Case Failed because of :  java.lang.AssertionError: null
2019-02-12 14:33:12 DEBUG cache:45 - Couldn't find template in cache for "index.ftl"("en", UTF-8, parsed); will try to load it.
2019-02-12 14:33:12 DEBUG cache:45 - TemplateLoader.findTemplateSource("index_en.ftl"): Not found
2019-02-12 14:33:12 DEBUG cache:45 - TemplateLoader.findTemplateSource("index.ftl"): Found
2019-02-12 14:33:12 DEBUG cache:45 - Loading template for "index.ftl"("en", UTF-8, parsed) from "jar:file:/D:/SagarAutomation/Red/lib/extentreports-3.1.5.jar!/com/aventstack/extentreports/view/html-report/index.ftl"
2019-02-12 14:33:13 DEBUG cache:45 - Couldn't find template in cache for "head.ftl"("en", UTF-8, parsed); will try to load it.
2019-02-12 14:33:13 DEBUG cache:45 - TemplateLoader.findTemplateSource("head_en.ftl"): Not found
2019-02-12 14:33:13 DEBUG cache:45 - TemplateLoader.findTemplateSource("head.ftl"): Found
2019-02-12 14:33:13 DEBUG cache:45 - Loading template for "head.ftl"("en", UTF-8, parsed) from "jar:file:/D:/SagarAutomation/Red/lib/extentreports-3.1.5.jar!/com/aventstack/extentreports/view/html-report/head.ftl"
2019-02-12 14:33:13 DEBUG cache:45 - Couldn't find template in cache for "nav.ftl"("en", UTF-8, parsed); will try to load it.
2019-02-12 14:33:13 DEBUG cache:45 - TemplateLoader.findTemplateSource("nav_en.ftl"): Not found
2019-02-12 14:33:13 DEBUG cache:45 - TemplateLoader.findTemplateSource("nav.ftl"): Found
2019-02-12 14:33:13 DEBUG cache:45 - Loading template for "nav.ftl"("en", UTF-8, parsed) from "jar:file:/D:/SagarAutomation/Red/lib/extentreports-3.1.5.jar!/com/aventstack/extentreports/view/html-report/nav.ftl"
2019-02-12 14:33:13 DEBUG cache:45 - Couldn't find template in cache for "test-view/test-view.ftl"("en", UTF-8, parsed); will try to load it.
2019-02-12 14:33:13 DEBUG cache:45 - TemplateLoader.findTemplateSource("test-view/test-view_en.ftl"): Not found
2019-02-12 14:33:13 DEBUG cache:45 - TemplateLoader.findTemplateSource("test-view/test-view.ftl"): Found
2019-02-12 14:33:13 DEBUG cache:45 - Loading template for "test-view/test-view.ftl"("en", UTF-8, parsed) from "jar:file:/D:/SagarAutomation/Red/lib/extentreports-3.1.5.jar!/com/aventstack/extentreports/view/html-report/test-view/test-view.ftl"
2019-02-12 14:33:13 DEBUG cache:45 - Couldn't find template in cache for "test-view/test-view-charts.ftl"("en", UTF-8, parsed); will try to load it.
2019-02-12 14:33:13 DEBUG cache:45 - TemplateLoader.findTemplateSource("test-view/test-view-charts_en.ftl"): Not found
2019-02-12 14:33:13 DEBUG cache:45 - TemplateLoader.findTemplateSource("test-view/test-view-charts.ftl"): Found
2019-02-12 14:33:13 DEBUG cache:45 - Loading template for "test-view/test-view-charts.ftl"("en", UTF-8, parsed) from "jar:file:/D:/SagarAutomation/Red/lib/extentreports-3.1.5.jar!/com/aventstack/extentreports/view/html-report/test-view/test-view-charts.ftl"
2019-02-12 14:33:13 DEBUG cache:45 - Couldn't find template in cache for "test-view/standard.ftl"("en", UTF-8, parsed); will try to load it.
2019-02-12 14:33:13 DEBUG cache:45 - TemplateLoader.findTemplateSource("test-view/standard_en.ftl"): Not found
2019-02-12 14:33:13 DEBUG cache:45 - TemplateLoader.findTemplateSource("test-view/standard.ftl"): Found
2019-02-12 14:33:13 DEBUG cache:45 - Loading template for "test-view/standard.ftl"("en", UTF-8, parsed) from "jar:file:/D:/SagarAutomation/Red/lib/extentreports-3.1.5.jar!/com/aventstack/extentreports/view/html-report/test-view/standard.ftl"
2019-02-12 14:33:13 DEBUG cache:45 - Couldn't find template in cache for "category-view/category-view.ftl"("en", UTF-8, parsed); will try to load it.
2019-02-12 14:33:13 DEBUG cache:45 - TemplateLoader.findTemplateSource("category-view/category-view_en.ftl"): Not found
2019-02-12 14:33:13 DEBUG cache:45 - TemplateLoader.findTemplateSource("category-view/category-view.ftl"): Found
2019-02-12 14:33:13 DEBUG cache:45 - Loading template for "category-view/category-view.ftl"("en", UTF-8, parsed) from "jar:file:/D:/SagarAutomation/Red/lib/extentreports-3.1.5.jar!/com/aventstack/extentreports/view/html-report/category-view/category-view.ftl"
2019-02-12 14:33:13 DEBUG cache:45 - Couldn't find template in cache for "author-view/author-view.ftl"("en", UTF-8, parsed); will try to load it.
2019-02-12 14:33:13 DEBUG cache:45 - TemplateLoader.findTemplateSource("author-view/author-view_en.ftl"): Not found
2019-02-12 14:33:13 DEBUG cache:45 - TemplateLoader.findTemplateSource("author-view/author-view.ftl"): Found
2019-02-12 14:33:13 DEBUG cache:45 - Loading template for "author-view/author-view.ftl"("en", UTF-8, parsed) from "jar:file:/D:/SagarAutomation/Red/lib/extentreports-3.1.5.jar!/com/aventstack/extentreports/view/html-report/author-view/author-view.ftl"
2019-02-12 14:33:13 DEBUG cache:45 - Couldn't find template in cache for "exception-view/exception-view.ftl"("en", UTF-8, parsed); will try to load it.
2019-02-12 14:33:13 DEBUG cache:45 - TemplateLoader.findTemplateSource("exception-view/exception-view_en.ftl"): Not found
2019-02-12 14:33:13 DEBUG cache:45 - TemplateLoader.findTemplateSource("exception-view/exception-view.ftl"): Found
2019-02-12 14:33:13 DEBUG cache:45 - Loading template for "exception-view/exception-view.ftl"("en", UTF-8, parsed) from "jar:file:/D:/SagarAutomation/Red/lib/extentreports-3.1.5.jar!/com/aventstack/extentreports/view/html-report/exception-view/exception-view.ftl"
2019-02-12 14:33:13 DEBUG cache:45 - Couldn't find template in cache for "dashboard-view/dashboard-view.ftl"("en", UTF-8, parsed); will try to load it.
2019-02-12 14:33:13 DEBUG cache:45 - TemplateLoader.findTemplateSource("dashboard-view/dashboard-view_en.ftl"): Not found
2019-02-12 14:33:13 DEBUG cache:45 - TemplateLoader.findTemplateSource("dashboard-view/dashboard-view.ftl"): Found
2019-02-12 14:33:13 DEBUG cache:45 - Loading template for "dashboard-view/dashboard-view.ftl"("en", UTF-8, parsed) from "jar:file:/D:/SagarAutomation/Red/lib/extentreports-3.1.5.jar!/com/aventstack/extentreports/view/html-report/dashboard-view/dashboard-view.ftl"
2019-02-12 14:33:13 DEBUG cache:45 - Couldn't find template in cache for "logs-view/testrunner-logs-view.ftl"("en", UTF-8, parsed); will try to load it.
2019-02-12 14:33:13 DEBUG cache:45 - TemplateLoader.findTemplateSource("logs-view/testrunner-logs-view_en.ftl"): Not found
2019-02-12 14:33:13 DEBUG cache:45 - TemplateLoader.findTemplateSource("logs-view/testrunner-logs-view.ftl"): Found
2019-02-12 14:33:13 DEBUG cache:45 - Loading template for "logs-view/testrunner-logs-view.ftl"("en", UTF-8, parsed) from "jar:file:/D:/SagarAutomation/Red/lib/extentreports-3.1.5.jar!/com/aventstack/extentreports/view/html-report/logs-view/testrunner-logs-view.ftl"
2019-02-12 14:33:13 DEBUG devpinoyLogger:1269 - Excel workbook closed with name : GotoPodetails
